info it worked if it ends with ok
verbose cli [ 'node',
verbose cli   '/usr/local/bin/npm',
verbose cli   'publish',
verbose cli   '.',
verbose cli   '--verbose',
verbose cli   '--force' ]
info using npm@1.0.104
info using node@v0.4.12
verbose config file /Users/benleighgourley/.npmrc
verbose config file /usr/local/etc/npmrc
verbose config file /usr/local/lib/node_modules/npm/npmrc
verbose publish [ '.' ]
verbose cache add [ '.', null ]
silly cache add: name, spec, args [ undefined, '.', [ '.', null ] ]
verbose parsed url { pathname: '.', href: '.' }
ERR! Could not install: .
ERR! Error: ENOENT, No such file or directory 'package.json'
ERR! Report this *entire* log at:
ERR!     <http://github.com/isaacs/npm/issues>
ERR! or email it to:
ERR!     <npm-@googlegroups.com>
ERR! 
ERR! System Darwin 11.2.0
ERR! command "node" "/usr/local/bin/npm" "publish" "." "--verbose" "--force"
ERR! cwd /private/var/w/Node-Deployment/bin
ERR! node -v v0.4.12
ERR! npm -v 1.0.104
ERR! path package.json
ERR! code ENOENT
verbose exit [ 1, true ]
